<?xml version="1.0" encoding="utf-8" standalone="no"?>
<!--This file represents the results of running a test suite-->
<test-results name="D:\dev\MarksPlayground\Euler_11_Test\bin\Debug\Euler_11_Test.dll" total="1" errors="0" failures="0" not-run="0" inconclusive="0" ignored="0" skipped="0" invalid="0" date="2012-07-30" time="15:50:51">
  <environment nunit-version="2.5.9.10348" clr-version="2.0.50727.5456" os-version="Microsoft Windows NT 6.1.7601 Service Pack 1" platform="Win32NT" cwd="D:\dev\Invoicent\tools\NUnit" machine-name="BESPIN" user="mark.gray" user-domain="ICHEQUE" />
  <culture-info current-culture="en-GB" current-uiculture="en-US" />
  <test-suite type="Assembly" name="D:\dev\MarksPlayground\Euler_11_Test\bin\Debug\Euler_11_Test.dll" executed="True" result="Success" success="True" time="0.019" asserts="0">
    <results>
      <test-suite type="Namespace" name="Euler_11_Test" executed="True" result="Success" success="True" time="0.014" asserts="0">
        <results>
          <test-suite type="TestFixture" name="QuadChecker" executed="True" result="Success" success="True" time="0.012" asserts="0">
            <results>
              <test-case name="Euler_11_Test.QuadChecker.PrescribedResult" executed="True" result="Success" success="True" time="0.009" asserts="1" />
            </results>
          </test-suite>
        </results>
      </test-suite>
    </results>
  </test-suite>
</test-results>